0 -0.0017950618639588356 -0.2233334481716156 0.028219128027558327 0
1 0.06772467494010925 -0.3147396743297577 0.02140379138290882 0
2 -0.06946554034948349 -0.3138551414012909 0.023899301886558533 0
3 -0.004327927716076374 -0.11437021940946579 0.0015228111296892166 0
4 0.10200121998786926 -0.6899382472038269 0.016907986253499985 1
5 -0.10775559395551682 -0.696424126625061 0.015049274079501629 2
6 0.001159108243882656 0.020810209214687347 0.0026152832433581352 3
7 0.08840551972389221 -1.0878987312316895 -0.026785343885421753 4
8 -0.09198182821273804 -1.0948388576507568 -0.027262523770332336 5
9 0.00261610746383667 0.07373243570327759 0.028039850294589996 6
10 0.11476366221904755 -1.143689513206482 0.09250305593013763 7
11 -0.11735358089208603 -1.1429827213287354 0.09608542919158936 8
12 -0.00016228482127189636 0.28760281205177307 -0.01481718197464943 9
13 0.08146084100008011 0.19548174738883972 -0.006049752235412598 9
14 -0.07914308458566666 0.19256529211997986 -0.010575428605079651 9
15 0.004989556968212128 0.35257241129875183 0.036531783640384674 12
16 0.17243777215480804 0.22595065832138062 -0.014917904511094093 13
17 -0.17515546083450317 0.22511646151542664 -0.01971849985420704 14
18 0.4320499897003174 0.2131785750389099 -0.04237433522939682 16
19 -0.4288974404335022 0.21178722381591797 -0.04111948609352112 17
20 0.6812835931777954 0.2221646010875702 -0.043545253574848175 18
21 -0.6841954588890076 0.21955952048301697 -0.04667867720127106 19
22 0.7653257250785828 0.2140030860900879 -0.05849061906337738 20
23 -0.7688174247741699 0.21344226598739624 -0.0569937638938427 21
