0 -0.0018 -0.2233 0.0282 0
1 0.0677 -0.3147 0.0214 0
2 -0.0695 -0.3139 0.0239 0 
3 -0.0043 -0.1144 0.0015 0
4 0.1020 -0.6899 0.0169 1
5 -0.1078 -0.6964 0.0150 2
6 0.0012 0.0208 0.0026 3
7 0.0884 -1.0879 -0.0268 4 
8 -0.0920 -1.0948 -0.0273 5
9 0.0026 0.0737 0.0280 6
10 0.1148 -1.1437 0.0925 7 
11 -0.1174 -1.1430 0.0961 8
12 -0.0002 0.2876 -0.0148 9
13 0.0815 0.1955 -0.0060 9
14 -0.0791 0.1926 -0.0106 9
15 0.0050 0.3526 0.0365 12
16 0.1724 0.2260 -0.0149 13
17 -0.1752 0.2251 -0.0197 14
18 0.4320 0.2132 -0.0424 16
19 -0.4289 0.2118 -0.0411 17
20 0.6813 0.2222 -0.0435 18
21 -0.6842 0.2196 -0.0467 19
22 0.7653 0.2140 -0.0585 20
23 -0.7688 0.2134 -0.0570 21
